<?xml version="1.0" encoding="UTF-8"?>
<!-- Generated by org.testng.reporters.JUnitXMLReporter -->
<testsuite hostname="Home-Ubuntu" name="Default test" tests="8" failures="0" timestamp="12 Mar 2016 21:10:16 GMT" time="19.593" errors="0">
  <testcase name="testCalc_inputArgsByClickButtons" time="1.103" classname="ru.greg3d.yandexRuCalcTest"/>
  <testcase name="testCalc_inputArgsByClickButtons" time="1.447" classname="ru.greg3d.yandexRuCalcTest"/>
  <testcase name="testCalc_inputArgsByClickButtons" time="1.63" classname="ru.greg3d.yandexRuCalcTest"/>
  <testcase name="testCalc_inputArgsByCopyPast" time="1.132" classname="ru.greg3d.yandexRuCalcTest"/>
  <testcase name="testCalc_inputArgsByCopyPast" time="0.556" classname="ru.greg3d.yandexRuCalcTest"/>
  <testcase name="testCalc_inputArgsByCopyPast" time="0.476" classname="ru.greg3d.yandexRuCalcTest"/>
  <testcase name="testCalc_inputArgsByTypingText" time="0.596" classname="ru.greg3d.yandexRuCalcTest"/>
  <testcase name="testCalc_inputArgsByTypingText" time="0.482" classname="ru.greg3d.yandexRuCalcTest"/>
</testsuite> <!-- Default test -->
